<?xml version="1.0" encoding="UTF-8"?>
<!-- Generated by org.testng.reporters.JUnitXMLReporter -->
<testsuite ignored="1" hostname="DESKTOP-OI8FCKA" failures="0" tests="2" name="Test" time="0.094" errors="0" timestamp="2023-05-19T15:47:08 IST">
  <testcase classname="TestNG7.Groups" name="data2" time="0.014"/>
  <testcase classname="TestNG7.Groups" name="data4" time="0.002"/>
  <testcase classname="TestNG7.Groups" name="data3" time="0.0">
    <ignored/>
  </testcase> <!-- data3 -->
</testsuite> <!-- Test -->
